<?xml version="1.0" encoding="UTF-8"?>
<!-- Generated by org.testng.reporters.JUnitReportReporter -->
<testsuite hostname="DESKTOP-207AJHH" failures="0" tests="3" name="Products.All_Product_List_POST_Request" time="1.375" errors="0" timestamp="2021-11-28T11:26:04 IST" skipped="0">
  <testcase classname="Products.All_Product_List_POST_Request" name="verifyResponseBodyValueForRequest" time="1.362"/>
  <system-out/>
  <testcase classname="Products.All_Product_List_POST_Request" name="verifyResponseHeaderValue" time="0.008"/>
  <system-out/>
  <testcase classname="Products.All_Product_List_POST_Request" name="verifyStatusCode" time="0.005"/>
  <system-out/>
</testsuite> <!-- Products.All_Product_List_POST_Request -->
