<?xml version="1.0" encoding="UTF-8"?>
<!-- Generated by org.testng.reporters.JUnitReportReporter -->
<testsuite hostname="DESKTOP-207AJHH" failures="0" tests="3" name="Products.All_Product_List_GET_Request" time="1.695" errors="0" timestamp="2021-11-27T23:52:35 IST" skipped="0">
  <testcase classname="Products.All_Product_List_GET_Request" name="verifyStatusCode" time="0.003"/>
  <system-out/>
  <testcase classname="Products.All_Product_List_GET_Request" name="verifyResponseHeaderValue" time="0.010"/>
  <system-out/>
  <testcase classname="Products.All_Product_List_GET_Request" name="verifyResponseBodyValueForRequest" time="1.682"/>
  <system-out/>
</testsuite> <!-- Products.All_Product_List_GET_Request -->
