<?xml version="1.0" encoding="UTF-8"?>
<!-- Generated by org.testng.reporters.JUnitReportReporter -->
<testsuite hostname="DESKTOP-207AJHH" failures="0" tests="2" name="Brands.All_Brand_List_PUT_Request" time="1.551" errors="0" timestamp="2021-11-28T17:19:58 IST" skipped="0">
  <testcase classname="Brands.All_Brand_List_PUT_Request" name="verifyStatusCode" time="0.012"/>
  <system-out/>
  <testcase classname="Brands.All_Brand_List_PUT_Request" name="verifyResponseBodyValue" time="1.539"/>
  <system-out/>
</testsuite> <!-- Brands.All_Brand_List_PUT_Request -->
