<?xml version="1.0" encoding="UTF-8"?>
<!-- Generated by org.testng.reporters.JUnitReportReporter -->
<testsuite hostname="DESKTOP-207AJHH" failures="0" tests="3" name="Brands.All_Brand_List_GET_Request" time="1.726" errors="0" timestamp="2021-11-28T11:42:43 IST" skipped="0">
  <testcase classname="Brands.All_Brand_List_GET_Request" name="verifyResponseBodyValueForRequest" time="1.708"/>
  <system-out/>
  <testcase classname="Brands.All_Brand_List_GET_Request" name="verifyStatusCode" time="0.014"/>
  <system-out/>
  <testcase classname="Brands.All_Brand_List_GET_Request" name="verifyResponseHeaderValue" time="0.004"/>
  <system-out/>
</testsuite> <!-- Brands.All_Brand_List_GET_Request -->
